2015-08-11 13:52:44   INFO Login:61 -__VIEWSTATE=/wEPDwUJODA5ODM0NjU4ZBgBBR5fX0NvbnRyb2xzUmVxdWlyZVBvc3RCYWNrS2V5X18WAgUIYnRuTG9naW4FCGJ0bkNsZWFygk+arUL5lnpr1Av36xspZbXWGnO/FHjt/CkduvZhuf0=
__EVENTVALIDATION=/wEWBQKqvIDnBQKl1bKdCAK1qbT2CQKC3IeGDAKtkuWiClda7x9hBURyTIcTNgMIe68TVilol9jGs4oHIo7U0/dV
2015-08-11 13:52:44   INFO Login:90 -302
2015-08-11 13:52:44   INFO Login:136 -8
2015-08-11 13:56:51   INFO Login:61 -__VIEWSTATE=/wEPDwUJODA5ODM0NjU4ZBgBBR5fX0NvbnRyb2xzUmVxdWlyZVBvc3RCYWNrS2V5X18WAgUIYnRuTG9naW4FCGJ0bkNsZWFygk+arUL5lnpr1Av36xspZbXWGnO/FHjt/CkduvZhuf0=
__EVENTVALIDATION=/wEWBQKqvIDnBQKl1bKdCAK1qbT2CQKC3IeGDAKtkuWiClda7x9hBURyTIcTNgMIe68TVilol9jGs4oHIo7U0/dV
2015-08-11 13:56:51   INFO Login:90 -302
2015-08-11 13:56:51   INFO Login:136 -8
2015-08-11 13:57:10   INFO Login:61 -__VIEWSTATE=/wEPDwUJODA5ODM0NjU4ZBgBBR5fX0NvbnRyb2xzUmVxdWlyZVBvc3RCYWNrS2V5X18WAgUIYnRuTG9naW4FCGJ0bkNsZWFygk+arUL5lnpr1Av36xspZbXWGnO/FHjt/CkduvZhuf0=
__EVENTVALIDATION=/wEWBQKqvIDnBQKl1bKdCAK1qbT2CQKC3IeGDAKtkuWiClda7x9hBURyTIcTNgMIe68TVilol9jGs4oHIo7U0/dV
2015-08-11 13:57:10   INFO Login:90 -302
2015-08-11 13:57:10   INFO Login:136 -8
2015-08-11 13:59:14   INFO CourseLogin:60 -__VIEWSTATE=/wEPDwUJODA5ODM0NjU4ZBgBBR5fX0NvbnRyb2xzUmVxdWlyZVBvc3RCYWNrS2V5X18WAgUIYnRuTG9naW4FCGJ0bkNsZWFygk+arUL5lnpr1Av36xspZbXWGnO/FHjt/CkduvZhuf0=
__EVENTVALIDATION=/wEWBQKqvIDnBQKl1bKdCAK1qbT2CQKC3IeGDAKtkuWiClda7x9hBURyTIcTNgMIe68TVilol9jGs4oHIo7U0/dV
2015-08-11 13:59:14   INFO CourseLogin:89 -302
2015-08-11 13:59:14   INFO CourseLogin:135 -8
2015-08-11 14:03:12   INFO CourseLogin:60 -__VIEWSTATE=/wEPDwUJODA5ODM0NjU4ZBgBBR5fX0NvbnRyb2xzUmVxdWlyZVBvc3RCYWNrS2V5X18WAgUIYnRuTG9naW4FCGJ0bkNsZWFygk+arUL5lnpr1Av36xspZbXWGnO/FHjt/CkduvZhuf0=
__EVENTVALIDATION=/wEWBQKqvIDnBQKl1bKdCAK1qbT2CQKC3IeGDAKtkuWiClda7x9hBURyTIcTNgMIe68TVilol9jGs4oHIo7U0/dV
2015-08-11 14:03:12   INFO CourseLogin:89 -302
2015-08-11 14:03:12   INFO CourseLogin:144 -8
2015-08-11 14:06:09   INFO CourseLogin:60 -__VIEWSTATE=/wEPDwUJODA5ODM0NjU4ZBgBBR5fX0NvbnRyb2xzUmVxdWlyZVBvc3RCYWNrS2V5X18WAgUIYnRuTG9naW4FCGJ0bkNsZWFygk+arUL5lnpr1Av36xspZbXWGnO/FHjt/CkduvZhuf0=
__EVENTVALIDATION=/wEWBQKqvIDnBQKl1bKdCAK1qbT2CQKC3IeGDAKtkuWiClda7x9hBURyTIcTNgMIe68TVilol9jGs4oHIo7U0/dV
2015-08-11 14:06:09   INFO CourseLogin:90 -302
2015-08-11 14:06:09   INFO CourseLogin:144 -8
